<?xml version="1.0" encoding="UTF-8"?>
<!-- Generated by org.testng.reporters.JUnitReportReporter -->
<testsuite skipped="0" hostname="PKUMAR-LT" name="tests.TestClass" tests="1" failures="0" timestamp="30 Jan 2018 04:24:06 GMT" time="8.949" errors="0">
  <testcase name="Test1" time="8.949" classname="tests.TestClass"/>
</testsuite> <!-- tests.TestClass -->
